info it worked if it ends with ok
verbose cli [ 'node', '/usr/local/bin/npm', 'publish', '.' ]
info using npm@1.0.106
info using node@v0.6.5
verbose /usr/local/bin/node node symlink
verbose config file /Users/tadeu/.npmrc
verbose config file /usr/local/etc/npmrc
verbose config file /usr/local/lib/node_modules/npm/npmrc
verbose publish [ '.' ]
verbose cache add [ '.', null ]
silly cache add: name, spec, args [ undefined, '.', [ '.', null ] ]
verbose parsed url { pathname: '.', path: '.', href: '.' }
ERR! Could not install: .
ERR! Failed to parse json
ERR! Unexpected token }
ERR! File: package.json
ERR! JSON.parse Failed to parse package.json data.
ERR! JSON.parse package.json must be actual JSON, not just JavaScript.
ERR! JSON.parse This is not a bug in npm.
ERR! JSON.parse Tell the package author to fix their package.json file.
ERR! 
ERR! System Darwin 11.2.0
ERR! command "node" "/usr/local/bin/npm" "publish" "."
ERR! cwd /Users/tadeu/www/git/mfc
ERR! node -v v0.6.5
ERR! npm -v 1.0.106
ERR! file package.json
ERR! code EJSONPARSE
verbose exit [ 1, true ]
